<?xml version="1.0" encoding="UTF-8"?>
<!-- Generated by org.testng.reporters.JUnitReportReporter -->
<testsuite hostname="MYPC" failures="0" tests="2" name="com.Project.org.MavenProject.Dependency_Test" time="0.018" errors="0" timestamp="05 Mar 2021 17:28:34 GMT" skipped="0">
  <testcase classname="com.Project.org.MavenProject.Dependency_Test" name="one" time="0.002"/>
  <testcase classname="com.Project.org.MavenProject.Dependency_Test" name="two" time="0.016"/>
</testsuite> <!-- com.Project.org.MavenProject.Dependency_Test -->
