<?xml version="1.0" encoding="UTF-8"?>
<!-- Generated by org.testng.reporters.JUnitReportReporter -->
<testsuite hostname="MYPC" failures="0" tests="5" name="com.Project.org.MavenProject.IgnoranceTest" time="0.024" errors="0" timestamp="05 Mar 2021 04:43:07 GMT" skipped="1">
  <testcase classname="com.Project.org.MavenProject.IgnoranceTest" name="logout" time="0.003"/>
  <testcase classname="com.Project.org.MavenProject.IgnoranceTest" name="browserClose" time="0.003"/>
  <testcase classname="com.Project.org.MavenProject.IgnoranceTest" name="login" time="0.003"/>
  <testcase classname="com.Project.org.MavenProject.IgnoranceTest" name="browser" time="0.015"/>
  <testcase classname="com.Project.org.MavenProject.IgnoranceTest" name="searchMobile">
    <skipped/>
  </testcase> <!-- searchMobile -->
</testsuite> <!-- com.Project.org.MavenProject.IgnoranceTest -->
