<?xml version="1.0" encoding="UTF-8"?>
<!-- Generated by org.testng.reporters.JUnitReportReporter -->
<testsuite hostname="MYPC" failures="0" tests="3" name="com.Project.org.MavenProject.Annotation" time="0.019" errors="0" timestamp="2021-03-05T23:21:42 IST" skipped="0">
  <testcase classname="com.Project.org.MavenProject.Annotation" name="boy" time="0.011"/>
  <system-out/>
  <testcase classname="com.Project.org.MavenProject.Annotation" name="laptop" time="0.003"/>
  <system-out/>
  <testcase classname="com.Project.org.MavenProject.Annotation" name="train" time="0.005"/>
  <system-out/>
</testsuite> <!-- com.Project.org.MavenProject.Annotation -->
