<?xml version="1.0" encoding="UTF-8"?>
<!-- Generated by org.testng.reporters.JUnitReportReporter -->
<testsuite hostname="MYPC" failures="0" tests="6" name="com.Project.org.MavenProject.Multiple_Time" time="0.030" errors="0" timestamp="02 Mar 2021 04:04:39 GMT" skipped="0">
  <testcase classname="com.Project.org.MavenProject.Multiple_Time" name="laptop" time="0.002"/>
  <testcase classname="com.Project.org.MavenProject.Multiple_Time" name="laptop" time="0.002"/>
  <testcase classname="com.Project.org.MavenProject.Multiple_Time" name="laptop" time="0.003"/>
  <testcase classname="com.Project.org.MavenProject.Multiple_Time" name="laptop" time="0.019"/>
  <testcase classname="com.Project.org.MavenProject.Multiple_Time" name="laptop" time="0.002"/>
  <testcase classname="com.Project.org.MavenProject.Multiple_Time" name="laptop" time="0.002"/>
</testsuite> <!-- com.Project.org.MavenProject.Multiple_Time -->
