<?xml version="1.0" encoding="UTF-8"?>
<!-- Generated by org.testng.reporters.JUnitReportReporter -->
<testsuite hostname="MYPC" failures="0" tests="3" name="com.Project.org.MavenProject.Parallel_Test" time="99.991" errors="0" timestamp="05 Mar 2021 05:54:18 GMT" skipped="0">
  <testcase classname="com.Project.org.MavenProject.Parallel_Test" name="twitter" time="30.153"/>
  <testcase classname="com.Project.org.MavenProject.Parallel_Test" name="facebook" time="33.310"/>
  <testcase classname="com.Project.org.MavenProject.Parallel_Test" name="Flipkart" time="36.528"/>
</testsuite> <!-- com.Project.org.MavenProject.Parallel_Test -->
