<?xml version="1.0" encoding="UTF-8"?>
<!-- Generated by org.testng.reporters.JUnitReportReporter -->
<testsuite hostname="MYPC" failures="0" tests="13" name="com.Project.org.MavenProject.TimeOut" time="0.073" errors="0" timestamp="05 Mar 2021 13:51:49 GMT" skipped="1">
  <testcase classname="com.Project.org.MavenProject.TimeOut" name="searchlaptop" time="0.011"/>
  <testcase classname="com.Project.org.MavenProject.TimeOut" name="searchlaptop" time="0.004"/>
  <testcase classname="com.Project.org.MavenProject.TimeOut" name="searchlaptop" time="0.002"/>
  <testcase classname="com.Project.org.MavenProject.TimeOut" name="searchlaptop" time="0.006"/>
  <testcase classname="com.Project.org.MavenProject.TimeOut" name="searchlaptop" time="0.006"/>
  <testcase classname="com.Project.org.MavenProject.TimeOut" name="searchlaptop" time="0.002"/>
  <testcase classname="com.Project.org.MavenProject.TimeOut" name="browserClose" time="0.003"/>
  <testcase classname="com.Project.org.MavenProject.TimeOut" name="searchlaptop" time="0.003"/>
  <testcase classname="com.Project.org.MavenProject.TimeOut" name="login" time="0.003"/>
  <testcase classname="com.Project.org.MavenProject.TimeOut" name="searchlaptop" time="0.002"/>
  <testcase classname="com.Project.org.MavenProject.TimeOut" name="logout" time="0.014"/>
  <testcase classname="com.Project.org.MavenProject.TimeOut" name="browser" time="0.017"/>
  <testcase classname="com.Project.org.MavenProject.TimeOut" name="searchMobile">
    <skipped/>
  </testcase> <!-- searchMobile -->
</testsuite> <!-- com.Project.org.MavenProject.TimeOut -->
