<?xml version="1.0" encoding="UTF-8"?>
<!-- Generated by org.testng.reporters.JUnitReportReporter -->
<testsuite hostname="MYPC" failures="0" tests="1" name="com.Project.org.MavenProject.Pt" time="0.019" errors="0" timestamp="05 Mar 2021 04:55:58 GMT" skipped="0">
  <testcase classname="com.Project.org.MavenProject.Pt" name="details" time="0.019"/>
</testsuite> <!-- com.Project.org.MavenProject.Pt -->
