<?xml version="1.0" encoding="UTF-8"?>
<!-- Generated by org.testng.reporters.JUnitReportReporter -->
<testsuite hostname="MYPC" failures="0" tests="2" name="com.Project.org.MavenProject.Exception_Test" time="0.010" errors="0" timestamp="02 Mar 2021 03:29:59 GMT" skipped="0">
  <testcase classname="com.Project.org.MavenProject.Exception_Test" name="add" time="0.007"/>
  <testcase classname="com.Project.org.MavenProject.Exception_Test" name="divide" time="0.003"/>
</testsuite> <!-- com.Project.org.MavenProject.Exception_Test -->
