<?xml version="1.0" encoding="UTF-8"?>
<!-- Generated by org.testng.reporters.JUnitReportReporter -->
<testsuite hostname="MYPC" failures="0" tests="1" name="com.Project.org.MavenProject.Priority_Test" time="0.002" errors="0" timestamp="02 Mar 2021 03:29:59 GMT" skipped="0">
  <testcase classname="com.Project.org.MavenProject.Priority_Test" name="browser" time="0.002"/>
</testsuite> <!-- com.Project.org.MavenProject.Priority_Test -->
