<?xml version="1.0" encoding="UTF-8"?>
<!-- Generated by org.testng.reporters.JUnitReportReporter -->
<testsuite hostname="MYPC" failures="0" tests="6" name="com.Project.org.MavenProject.Data_Provider" time="0.033" errors="0" timestamp="05 Mar 2021 05:22:51 GMT" skipped="0">
  <testcase classname="com.Project.org.MavenProject.Data_Provider" name="detail" time="0.002"/>
  <testcase classname="com.Project.org.MavenProject.Data_Provider" name="detail" time="0.018"/>
  <testcase classname="com.Project.org.MavenProject.Data_Provider" name="detail" time="0.003"/>
  <testcase classname="com.Project.org.MavenProject.Data_Provider" name="detail" time="0.001"/>
  <testcase classname="com.Project.org.MavenProject.Data_Provider" name="detail" time="0.007"/>
  <testcase classname="com.Project.org.MavenProject.Data_Provider" name="detail" time="0.002"/>
</testsuite> <!-- com.Project.org.MavenProject.Data_Provider -->
