<?xml version="1.0" encoding="UTF-8"?>
<!-- Generated by org.testng.reporters.JUnitReportReporter -->
<testsuite hostname="MYPC" failures="0" tests="3" name="com.Project.org.MavenProject.Grouping_Test" time="0.019" errors="0" timestamp="2021-03-05T23:19:37 IST" skipped="0">
  <testcase classname="com.Project.org.MavenProject.Grouping_Test" name="empMobileNo" time="0.014"/>
  <system-out/>
  <testcase classname="com.Project.org.MavenProject.Grouping_Test" name="empSalary" time="0.003"/>
  <system-out/>
  <testcase classname="com.Project.org.MavenProject.Grouping_Test" name="empname" time="0.002"/>
  <system-out/>
</testsuite> <!-- com.Project.org.MavenProject.Grouping_Test -->
